<?xml version="1.0" encoding="UTF-8"?>
<!-- Generated by org.testng.reporters.JUnitXMLReporter -->
<testsuite hostname="DESKTOP-J0DQ7VP" ignored="0" name="Default test" tests="5" failures="0" timestamp="2022-01-06T13:16:44 PST" time="20.6" errors="0">
  <testcase name="openBrowser" time="14.556" classname="com.mproject.TestNg_Task"/>
  <testcase name="openfacebookpage" time="3.44" classname="com.mproject.TestNg_Task"/>
  <testcase name="openfacebookpage" time="0.783" classname="com.mproject.TestNg_Task"/>
  <testcase name="openfacebookpage" time="0.7" classname="com.mproject.TestNg_Task"/>
  <testcase name="quitbrowser" time="1.025" classname="com.mproject.TestNg_Task"/>
</testsuite> <!-- Default test -->
